Using pre-set license
Built from '2020.3/staging' branch; Version is '2020.3.8f1 (507919d4fff5) revision 5273881'; Using compiler version '192528614'; Build Type 'Release'
OS: 'Windows 10 Home; OS build 19042.1526; Version 2009; 64bit' Language: 'en' Physical Memory: 32675 MB
BatchMode: 1, IsHumanControllingUs: 0, StartBugReporterOnCrash: 0, Is64bit: 1, IsPro: 0

 COMMAND LINE ARGUMENTS:
C:\Program Files\Unity\Hub\Editor\2020.3.8f1\Editor\Unity.exe
-adb2
-batchMode
-noUpm
-name
AssetImportWorker0
-projectPath
D:/Dropbox/1.Home/Art/ArtDev/GitHub/WiganProject-VR-GH/Wigan-Project-VR
-logFile
Logs/AssetImportWorker0.log
-srvPort
63535
Successfully changed project path to: D:/Dropbox/1.Home/Art/ArtDev/GitHub/WiganProject-VR-GH/Wigan-Project-VR
D:/Dropbox/1.Home/Art/ArtDev/GitHub/WiganProject-VR-GH/Wigan-Project-VR
Using Asset Import Pipeline V2.
Refreshing native plugins compatible for Editor in 25.17 ms, found 3 plugins.
Preloading 0 native plugins for Editor in 0.00 ms.
Initialize engine version: 2020.3.8f1 (507919d4fff5)
[Subsystems] Discovering subsystems at path C:/Program Files/Unity/Hub/Editor/2020.3.8f1/Editor/Data/Resources/UnitySubsystems
[Subsystems] Discovering subsystems at path D:/Dropbox/1.Home/Art/ArtDev/GitHub/WiganProject-VR-GH/Wigan-Project-VR/Assets
GfxDevice: creating device client; threaded=0
Direct3D:
    Version:  Direct3D 11.0 [level 11.1]
    Renderer: NVIDIA GeForce RTX 2080 SUPER (ID=0x1e81)
    Vendor:   
    VRAM:     8010 MB
    Driver:   27.21.14.5671
Initialize mono
Mono path[0] = 'C:/Program Files/Unity/Hub/Editor/2020.3.8f1/Editor/Data/Managed'
Mono path[1] = 'C:/Program Files/Unity/Hub/Editor/2020.3.8f1/Editor/Data/MonoBleedingEdge/lib/mono/unityjit'
Mono config path = 'C:/Program Files/Unity/Hub/Editor/2020.3.8f1/Editor/Data/MonoBleedingEdge/etc'
Using monoOptions --debugger-agent=transport=dt_socket,embedding=1,server=y,suspend=n,address=127.0.0.1:56652
Begin MonoManager ReloadAssembly
Registering precompiled unity dll's ...
Register platform support module: C:/Program Files/Unity/Hub/Editor/2020.3.8f1/Editor/Data/PlaybackEngines/WebGLSupport/UnityEditor.WebGL.Extensions.dll
Register platform support module: C:/Program Files/Unity/Hub/Editor/2020.3.8f1/Editor/Data/PlaybackEngines/MacStandaloneSupport/UnityEditor.OSXStandalone.Extensions.dll
Register platform support module: C:/Program Files/Unity/Hub/Editor/2020.3.8f1/Editor/Data/PlaybackEngines/WindowsStandaloneSupport/UnityEditor.WindowsStandalone.Extensions.dll
Registered in 0.002794 seconds.
Native extension for WindowsStandalone target not found
Native extension for OSXStandalone target not found
Native extension for WebGL target not found
Refreshing native plugins compatible for Editor in 30.04 ms, found 3 plugins.
Preloading 0 native plugins for Editor in 0.00 ms.
Mono: successfully reloaded assembly
- Completed reload, in  1.805 seconds
Platform modules already initialized, skipping
Registering precompiled user dll's ...
Registered in 0.000847 seconds.
Begin MonoManager ReloadAssembly
Native extension for WindowsStandalone target not found
Native extension for OSXStandalone target not found
Native extension for WebGL target not found
Refreshing native plugins compatible for Editor in 0.32 ms, found 3 plugins.
Preloading 0 native plugins for Editor in 0.00 ms.
Mono: successfully reloaded assembly
- Completed reload, in  0.735 seconds
Platform modules already initialized, skipping
========================================================================
Worker process is ready to serve import requests
Launched and connected shader compiler UnityShaderCompiler.exe after 0.05 seconds
Refreshing native plugins compatible for Editor in 0.33 ms, found 3 plugins.
Preloading 0 native plugins for Editor in 0.00 ms.
Unloading 1259 Unused Serialized files (Serialized files now loaded: 0)
System memory in use before: 62.9 MB.
System memory in use after: 62.9 MB.

Unloading 17 unused Assets to reduce memory usage. Loaded Objects now: 1699.
Total: 1.746800 ms (FindLiveObjects: 0.164300 ms CreateObjectMapping: 0.030300 ms MarkObjects: 1.466300 ms  DeleteObjects: 0.084900 ms)

========================================================================
Received Import Request.
  path: Assets/Models/People/Brutius.fbm
  artifactKey: Guid(65f76e53e89bd4615bb604284c642136) Importer(815301076,1909f56bfc062723c751e8b465ee728b)
Start importing Assets/Models/People/Brutius.fbm using Guid(65f76e53e89bd4615bb604284c642136) Importer(815301076,1909f56bfc062723c751e8b465ee728b)  -> (artifact id: 'c16bfc839f4948db546c53109ebb9dbb') in 0.005338 seconds
  Import took 0.007222 seconds .

========================================================================
Received Import Request.
  Time since last request: 14.275682 seconds.
  path: Assets/Models/People/Materials
  artifactKey: Guid(ea9a165716ded4ee3b5f1318e61e2eca) Importer(815301076,1909f56bfc062723c751e8b465ee728b)
Start importing Assets/Models/People/Materials using Guid(ea9a165716ded4ee3b5f1318e61e2eca) Importer(815301076,1909f56bfc062723c751e8b465ee728b)  -> (artifact id: '91affe2d83cecfdd5869fcef59f0f139') in 0.003200 seconds
  Import took 0.005085 seconds .

========================================================================
Received Import Request.
  Time since last request: 37.447837 seconds.
  path: Assets/Scenes
  artifactKey: Guid(8779cb4afa2879847af1f23de370c2af) Importer(815301076,1909f56bfc062723c751e8b465ee728b)
Start importing Assets/Scenes using Guid(8779cb4afa2879847af1f23de370c2af) Importer(815301076,1909f56bfc062723c751e8b465ee728b)  -> (artifact id: 'fc5d67cb73d2084295614e8ca3f76fdc') in 0.003476 seconds
  Import took 0.005433 seconds .

========================================================================
Received Prepare
Registering precompiled user dll's ...
Registered in 0.000995 seconds.
Begin MonoManager ReloadAssembly
Native extension for WindowsStandalone target not found
Native extension for OSXStandalone target not found
Native extension for WebGL target not found
Refreshing native plugins compatible for Editor in 0.40 ms, found 3 plugins.
Preloading 0 native plugins for Editor in 0.00 ms.
Mono: successfully reloaded assembly
- Completed reload, in  0.660 seconds
Platform modules already initialized, skipping
Refreshing native plugins compatible for Editor in 0.33 ms, found 3 plugins.
Preloading 0 native plugins for Editor in 0.00 ms.
Unloading 1248 Unused Serialized files (Serialized files now loaded: 0)
System memory in use before: 62.2 MB.
System memory in use after: 62.3 MB.

Unloading 12 unused Assets to reduce memory usage. Loaded Objects now: 1702.
Total: 1.847200 ms (FindLiveObjects: 0.182900 ms CreateObjectMapping: 0.029400 ms MarkObjects: 1.570400 ms  DeleteObjects: 0.063400 ms)

